# JRE version: OpenJDK Runtime Environment (8.0_252-b09) (build 1.8.0_252-b09)
# Java VM: OpenJDK 64-Bit Server VM (25.252-b09 mixed mode windows-amd64 compressed oops)
Heap:
 garbage-first heap   total 8388608K, used 4762991K [0x00000005c0000000, 0x00000005c1001000, 0x00000007c0000000)
  region size 16384K, 8 young (131072K), 1 survivors (16384K)
 Metaspace       used 306051K, capacity 318186K, committed 320016K, reserved 1318912K
  class space    used 46349K, capacity 49526K, committed 49936K, reserved 1048576K
GC Heap History (10 events):
Event: 5779.974 GC heap before
{Heap before GC invocations=4612 (full 1):
 garbage-first heap   total 8388608K, used 4775893K [0x00000005c0000000, 0x00000005c1001000, 0x00000007c0000000)
  region size 16384K, 8 young (131072K), 1 survivors (16384K)
 Metaspace       used 306050K, capacity 318186K, committed 320016K, reserved 1318912K
  class space    used 46349K, capacity 49526K, committed 49936K, reserved 1048576K
Event: 5779.980 GC heap after
Heap after GC invocations=4613 (full 1):
 garbage-first heap   total 8388608K, used 4659803K [0x00000005c0000000, 0x00000005c1001000, 0x00000007c0000000)
  region size 16384K, 1 young (16384K), 1 survivors (16384K)
 Metaspace       used 306050K, capacity 318186K, committed 320016K, reserved 1318912K
  class space    used 46349K, capacity 49526K, committed 49936K, reserved 1048576K
}
Event: 5780.795 GC heap before
{Heap before GC invocations=4614 (full 1):
 garbage-first heap   total 8388608K, used 4774491K [0x00000005c0000000, 0x00000005c1001000, 0x00000007c0000000)
  region size 16384K, 8 young (131072K), 1 survivors (16384K)
 Metaspace       used 306050K, capacity 318186K, committed 320016K, reserved 1318912K
  class space    used 46349K, capacity 49526K, committed 49936K, reserved 1048576K
Event: 5780.800 GC heap after
Heap after GC invocations=4615 (full 1):
 garbage-first heap   total 8388608K, used 4660578K [0x00000005c0000000, 0x00000005c1001000, 0x00000007c0000000)
  region size 16384K, 1 young (16384K), 1 survivors (16384K)
 Metaspace       used 306050K, capacity 318186K, committed 320016K, reserved 1318912K
  class space    used 46349K, capacity 49526K, committed 49936K, reserved 1048576K
}
Event: 5782.108 GC heap before
{Heap before GC invocations=4615 (full 1):
 garbage-first heap   total 8388608K, used 4775266K [0x00000005c0000000, 0x00000005c1001000, 0x00000007c0000000)
  region size 16384K, 8 young (131072K), 1 survivors (16384K)
 Metaspace       used 306050K, capacity 318186K, committed 320016K, reserved 1318912K
  class space    used 46349K, capacity 49526K, committed 49936K, reserved 1048576K
Event: 5782.114 GC heap after
Heap after GC invocations=4616 (full 1):
 garbage-first heap   total 8388608K, used 4661136K [0x00000005c0000000, 0x00000005c1001000, 0x00000007c0000000)
  region size 16384K, 1 young (16384K), 1 survivors (16384K)
 Metaspace       used 306050K, capacity 318186K, committed 320016K, reserved 1318912K
  class space    used 46349K, capacity 49526K, committed 49936K, reserved 1048576K
}
Event: 5783.109 GC heap before
{Heap before GC invocations=4616 (full 1):
 garbage-first heap   total 8388608K, used 4775824K [0x00000005c0000000, 0x00000005c1001000, 0x00000007c0000000)
  region size 16384K, 8 young (131072K), 1 survivors (16384K)
 Metaspace       used 306050K, capacity 318186K, committed 320016K, reserved 1318912K
  class space    used 46349K, capacity 49526K, committed 49936K, reserved 1048576K
Event: 5783.120 GC heap after
Heap after GC invocations=4617 (full 1):
 garbage-first heap   total 8388608K, used 4666101K [0x00000005c0000000, 0x00000005c1001000, 0x00000007c0000000)
  region size 16384K, 1 young (16384K), 1 survivors (16384K)
 Metaspace       used 306050K, capacity 318186K, committed 320016K, reserved 1318912K
  class space    used 46349K, capacity 49526K, committed 49936K, reserved 1048576K
}
Event: 5784.298 GC heap before
{Heap before GC invocations=4617 (full 1):
 garbage-first heap   total 8388608K, used 4780789K [0x00000005c0000000, 0x00000005c1001000, 0x00000007c0000000)
  region size 16384K, 8 young (131072K), 1 survivors (16384K)
 Metaspace       used 306050K, capacity 318186K, committed 320016K, reserved 1318912K
  class space    used 46349K, capacity 49526K, committed 49936K, reserved 1048576K
Event: 5784.304 GC heap after
Heap after GC invocations=4618 (full 1):
 garbage-first heap   total 8388608K, used 4664687K [0x00000005c0000000, 0x00000005c1001000, 0x00000007c0000000)
  region size 16384K, 1 young (16384K), 1 survivors (16384K)
 Metaspace       used 306050K, capacity 318186K, committed 320016K, reserved 1318912K
  class space    used 46349K, capacity 49526K, committed 49936K, reserved 1048576K
}

