# JRE version: OpenJDK Runtime Environment (8.0_252-b09) (build 1.8.0_252-b09)
# Java VM: OpenJDK 64-Bit Server VM (25.252-b09 mixed mode windows-amd64 compressed oops)
Heap:
 garbage-first heap   total 8388608K, used 4571385K [0x00000005c0000000, 0x00000005c1001000, 0x00000007c0000000)
  region size 16384K, 3 young (49152K), 1 survivors (16384K)
 Metaspace       used 300138K, capacity 311957K, committed 312192K, reserved 1312768K
  class space    used 45765K, capacity 48965K, committed 49024K, reserved 1048576K
GC Heap History (10 events):
Event: 1628.850 GC heap before
{Heap before GC invocations=1766 (full 1):
 garbage-first heap   total 8388608K, used 4672687K [0x00000005c0000000, 0x00000005c1001000, 0x00000007c0000000)
  region size 16384K, 8 young (131072K), 1 survivors (16384K)
 Metaspace       used 300109K, capacity 311957K, committed 312192K, reserved 1312768K
  class space    used 45764K, capacity 48965K, committed 49024K, reserved 1048576K
Event: 1628.858 GC heap after
Heap after GC invocations=1767 (full 1):
 garbage-first heap   total 8388608K, used 4554144K [0x00000005c0000000, 0x00000005c1001000, 0x00000007c0000000)
  region size 16384K, 1 young (16384K), 1 survivors (16384K)
 Metaspace       used 300109K, capacity 311957K, committed 312192K, reserved 1312768K
  class space    used 45764K, capacity 48965K, committed 49024K, reserved 1048576K
}
Event: 1629.178 GC heap before
{Heap before GC invocations=1767 (full 1):
 garbage-first heap   total 8388608K, used 4668832K [0x00000005c0000000, 0x00000005c1001000, 0x00000007c0000000)
  region size 16384K, 8 young (131072K), 1 survivors (16384K)
 Metaspace       used 300118K, capacity 311957K, committed 312192K, reserved 1312768K
  class space    used 45765K, capacity 48965K, committed 49024K, reserved 1048576K
Event: 1629.186 GC heap after
Heap after GC invocations=1768 (full 1):
 garbage-first heap   total 8388608K, used 4557312K [0x00000005c0000000, 0x00000005c1001000, 0x00000007c0000000)
  region size 16384K, 1 young (16384K), 1 survivors (16384K)
 Metaspace       used 300118K, capacity 311957K, committed 312192K, reserved 1312768K
  class space    used 45765K, capacity 48965K, committed 49024K, reserved 1048576K
}
Event: 1629.514 GC heap before
{Heap before GC invocations=1768 (full 1):
 garbage-first heap   total 8388608K, used 4672000K [0x00000005c0000000, 0x00000005c1001000, 0x00000007c0000000)
  region size 16384K, 8 young (131072K), 1 survivors (16384K)
 Metaspace       used 300119K, capacity 311957K, committed 312192K, reserved 1312768K
  class space    used 45765K, capacity 48965K, committed 49024K, reserved 1048576K
Event: 1629.520 GC heap after
Heap after GC invocations=1769 (full 1):
 garbage-first heap   total 8388608K, used 4555246K [0x00000005c0000000, 0x00000005c1001000, 0x00000007c0000000)
  region size 16384K, 1 young (16384K), 1 survivors (16384K)
 Metaspace       used 300119K, capacity 311957K, committed 312192K, reserved 1312768K
  class space    used 45765K, capacity 48965K, committed 49024K, reserved 1048576K
}
Event: 1629.764 GC heap before
{Heap before GC invocations=1769 (full 1):
 garbage-first heap   total 8388608K, used 4669934K [0x00000005c0000000, 0x00000005c1001000, 0x00000007c0000000)
  region size 16384K, 8 young (131072K), 1 survivors (16384K)
 Metaspace       used 300120K, capacity 311957K, committed 312192K, reserved 1312768K
  class space    used 45765K, capacity 48965K, committed 49024K, reserved 1048576K
Event: 1629.770 GC heap after
Heap after GC invocations=1770 (full 1):
 garbage-first heap   total 8388608K, used 4556073K [0x00000005c0000000, 0x00000005c1001000, 0x00000007c0000000)
  region size 16384K, 1 young (16384K), 1 survivors (16384K)
 Metaspace       used 300120K, capacity 311957K, committed 312192K, reserved 1312768K
  class space    used 45765K, capacity 48965K, committed 49024K, reserved 1048576K
}
Event: 1630.015 GC heap before
{Heap before GC invocations=1770 (full 1):
 garbage-first heap   total 8388608K, used 4670761K [0x00000005c0000000, 0x00000005c1001000, 0x00000007c0000000)
  region size 16384K, 8 young (131072K), 1 survivors (16384K)
 Metaspace       used 300133K, capacity 311957K, committed 312192K, reserved 1312768K
  class space    used 45765K, capacity 48965K, committed 49024K, reserved 1048576K
Event: 1630.022 GC heap after
Heap after GC invocations=1771 (full 1):
 garbage-first heap   total 8388608K, used 4555001K [0x00000005c0000000, 0x00000005c1001000, 0x00000007c0000000)
  region size 16384K, 1 young (16384K), 1 survivors (16384K)
 Metaspace       used 300133K, capacity 311957K, committed 312192K, reserved 1312768K
  class space    used 45765K, capacity 48965K, committed 49024K, reserved 1048576K
}

