# JRE version: OpenJDK Runtime Environment (8.0_252-b09) (build 1.8.0_252-b09)
# Java VM: OpenJDK 64-Bit Server VM (25.252-b09 mixed mode windows-amd64 compressed oops)
Heap:
 garbage-first heap   total 8388608K, used 5822329K [0x00000005c0000000, 0x00000005c1001000, 0x00000007c0000000)
  region size 16384K, 2 young (32768K), 1 survivors (16384K)
 Metaspace       used 312017K, capacity 324907K, committed 326016K, reserved 1325056K
  class space    used 47275K, capacity 50594K, committed 50816K, reserved 1048576K
GC Heap History (10 events):
Event: 7628.283 GC heap before
{Heap before GC invocations=5997 (full 2):
 garbage-first heap   total 8388608K, used 6035849K [0x00000005c0000000, 0x00000005c1001000, 0x00000007c0000000)
  region size 16384K, 8 young (131072K), 1 survivors (16384K)
 Metaspace       used 312014K, capacity 324907K, committed 326016K, reserved 1325056K
  class space    used 47275K, capacity 50594K, committed 50816K, reserved 1048576K
Event: 7628.289 GC heap after
Heap after GC invocations=5998 (full 2):
 garbage-first heap   total 8388608K, used 5828374K [0x00000005c0000000, 0x00000005c1001000, 0x00000007c0000000)
  region size 16384K, 1 young (16384K), 1 survivors (16384K)
 Metaspace       used 312014K, capacity 324907K, committed 326016K, reserved 1325056K
  class space    used 47275K, capacity 50594K, committed 50816K, reserved 1048576K
}
Event: 7628.405 GC heap before
{Heap before GC invocations=5998 (full 2):
 garbage-first heap   total 8388608K, used 6125833K [0x00000005c0000000, 0x00000005c1001000, 0x00000007c0000000)
  region size 16384K, 8 young (131072K), 1 survivors (16384K)
 Metaspace       used 312014K, capacity 324907K, committed 326016K, reserved 1325056K
  class space    used 47275K, capacity 50594K, committed 50816K, reserved 1048576K
Event: 7628.411 GC heap after
Heap after GC invocations=5999 (full 2):
 garbage-first heap   total 8388608K, used 5832318K [0x00000005c0000000, 0x00000005c1001000, 0x00000007c0000000)
  region size 16384K, 1 young (16384K), 1 survivors (16384K)
 Metaspace       used 312014K, capacity 324907K, committed 326016K, reserved 1325056K
  class space    used 47275K, capacity 50594K, committed 50816K, reserved 1048576K
}
Event: 7628.536 GC heap before
{Heap before GC invocations=5999 (full 2):
 garbage-first heap   total 8388608K, used 6124192K [0x00000005c0000000, 0x00000005c1001000, 0x00000007c0000000)
  region size 16384K, 8 young (131072K), 1 survivors (16384K)
 Metaspace       used 312015K, capacity 324907K, committed 326016K, reserved 1325056K
  class space    used 47275K, capacity 50594K, committed 50816K, reserved 1048576K
Event: 7628.542 GC heap after
Heap after GC invocations=6000 (full 2):
 garbage-first heap   total 8388608K, used 5817351K [0x00000005c0000000, 0x00000005c1001000, 0x00000007c0000000)
  region size 16384K, 1 young (16384K), 1 survivors (16384K)
 Metaspace       used 312015K, capacity 324907K, committed 326016K, reserved 1325056K
  class space    used 47275K, capacity 50594K, committed 50816K, reserved 1048576K
}
Event: 7628.667 GC heap before
{Heap before GC invocations=6000 (full 2):
 garbage-first heap   total 8388608K, used 6158472K [0x00000005c0000000, 0x00000005c1001000, 0x00000007c0000000)
  region size 16384K, 8 young (131072K), 1 survivors (16384K)
 Metaspace       used 312015K, capacity 324907K, committed 326016K, reserved 1325056K
  class space    used 47275K, capacity 50594K, committed 50816K, reserved 1048576K
Event: 7628.673 GC heap after
Heap after GC invocations=6001 (full 2):
 garbage-first heap   total 8388608K, used 5836667K [0x00000005c0000000, 0x00000005c1001000, 0x00000007c0000000)
  region size 16384K, 1 young (16384K), 1 survivors (16384K)
 Metaspace       used 312015K, capacity 324907K, committed 326016K, reserved 1325056K
  class space    used 47275K, capacity 50594K, committed 50816K, reserved 1048576K
}
Event: 7628.808 GC heap before
{Heap before GC invocations=6001 (full 2):
 garbage-first heap   total 8388608K, used 6192820K [0x00000005c0000000, 0x00000005c1001000, 0x00000007c0000000)
  region size 16384K, 8 young (131072K), 1 survivors (16384K)
 Metaspace       used 312015K, capacity 324907K, committed 326016K, reserved 1325056K
  class space    used 47275K, capacity 50594K, committed 50816K, reserved 1048576K
Event: 7628.815 GC heap after
Heap after GC invocations=6002 (full 2):
 garbage-first heap   total 8388608K, used 5819680K [0x00000005c0000000, 0x00000005c1001000, 0x00000007c0000000)
  region size 16384K, 1 young (16384K), 1 survivors (16384K)
 Metaspace       used 312015K, capacity 324907K, committed 326016K, reserved 1325056K
  class space    used 47275K, capacity 50594K, committed 50816K, reserved 1048576K
}

