# JRE version: OpenJDK Runtime Environment (8.0_252-b09) (build 1.8.0_252-b09)
# Java VM: OpenJDK 64-Bit Server VM (25.252-b09 mixed mode windows-amd64 compressed oops)
Heap:
 garbage-first heap   total 8388608K, used 4965710K [0x00000005c0000000, 0x00000005c1001000, 0x00000007c0000000)
  region size 16384K, 3 young (49152K), 1 survivors (16384K)
 Metaspace       used 309654K, capacity 321969K, committed 323712K, reserved 1323008K
  class space    used 46498K, capacity 49697K, committed 50048K, reserved 1048576K
GC Heap History (10 events):
Event: 13804.504 GC heap before
{Heap before GC invocations=15560 (full 1):
 garbage-first heap   total 8388608K, used 5063407K [0x00000005c0000000, 0x00000005c1001000, 0x00000007c0000000)
  region size 16384K, 8 young (131072K), 1 survivors (16384K)
 Metaspace       used 309654K, capacity 321969K, committed 323712K, reserved 1323008K
  class space    used 46498K, capacity 49697K, committed 50048K, reserved 1048576K
Event: 13804.509 GC heap after
Heap after GC invocations=15561 (full 1):
 garbage-first heap   total 8388608K, used 4949076K [0x00000005c0000000, 0x00000005c1001000, 0x00000007c0000000)
  region size 16384K, 1 young (16384K), 1 survivors (16384K)
 Metaspace       used 309654K, capacity 321969K, committed 323712K, reserved 1323008K
  class space    used 46498K, capacity 49697K, committed 50048K, reserved 1048576K
}
Event: 13805.281 GC heap before
{Heap before GC invocations=15561 (full 1):
 garbage-first heap   total 8388608K, used 5063764K [0x00000005c0000000, 0x00000005c1001000, 0x00000007c0000000)
  region size 16384K, 8 young (131072K), 1 survivors (16384K)
 Metaspace       used 309654K, capacity 321969K, committed 323712K, reserved 1323008K
  class space    used 46498K, capacity 49697K, committed 50048K, reserved 1048576K
Event: 13805.291 GC heap after
Heap after GC invocations=15562 (full 1):
 garbage-first heap   total 8388608K, used 4941739K [0x00000005c0000000, 0x00000005c1001000, 0x00000007c0000000)
  region size 16384K, 1 young (16384K), 1 survivors (16384K)
 Metaspace       used 309654K, capacity 321969K, committed 323712K, reserved 1323008K
  class space    used 46498K, capacity 49697K, committed 50048K, reserved 1048576K
}
Event: 13806.148 GC heap before
{Heap before GC invocations=15562 (full 1):
 garbage-first heap   total 8388608K, used 5056427K [0x00000005c0000000, 0x00000005c1001000, 0x00000007c0000000)
  region size 16384K, 8 young (131072K), 1 survivors (16384K)
 Metaspace       used 309654K, capacity 321969K, committed 323712K, reserved 1323008K
  class space    used 46498K, capacity 49697K, committed 50048K, reserved 1048576K
Event: 13806.156 GC heap after
Heap after GC invocations=15563 (full 1):
 garbage-first heap   total 8388608K, used 4947208K [0x00000005c0000000, 0x00000005c1001000, 0x00000007c0000000)
  region size 16384K, 1 young (16384K), 1 survivors (16384K)
 Metaspace       used 309654K, capacity 321969K, committed 323712K, reserved 1323008K
  class space    used 46498K, capacity 49697K, committed 50048K, reserved 1048576K
}
Event: 13807.151 GC heap before
{Heap before GC invocations=15563 (full 1):
 garbage-first heap   total 8388608K, used 5061896K [0x00000005c0000000, 0x00000005c1001000, 0x00000007c0000000)
  region size 16384K, 8 young (131072K), 1 survivors (16384K)
 Metaspace       used 309654K, capacity 321969K, committed 323712K, reserved 1323008K
  class space    used 46498K, capacity 49697K, committed 50048K, reserved 1048576K
Event: 13807.160 GC heap after
Heap after GC invocations=15564 (full 1):
 garbage-first heap   total 8388608K, used 4949387K [0x00000005c0000000, 0x00000005c1001000, 0x00000007c0000000)
  region size 16384K, 1 young (16384K), 1 survivors (16384K)
 Metaspace       used 309654K, capacity 321969K, committed 323712K, reserved 1323008K
  class space    used 46498K, capacity 49697K, committed 50048K, reserved 1048576K
}
Event: 13807.916 GC heap before
{Heap before GC invocations=15564 (full 1):
 garbage-first heap   total 8388608K, used 5064075K [0x00000005c0000000, 0x00000005c1001000, 0x00000007c0000000)
  region size 16384K, 8 young (131072K), 1 survivors (16384K)
 Metaspace       used 309654K, capacity 321969K, committed 323712K, reserved 1323008K
  class space    used 46498K, capacity 49697K, committed 50048K, reserved 1048576K
Event: 13807.921 GC heap after
Heap after GC invocations=15565 (full 1):
 garbage-first heap   total 8388608K, used 4949326K [0x00000005c0000000, 0x00000005c1001000, 0x00000007c0000000)
  region size 16384K, 1 young (16384K), 1 survivors (16384K)
 Metaspace       used 309654K, capacity 321969K, committed 323712K, reserved 1323008K
  class space    used 46498K, capacity 49697K, committed 50048K, reserved 1048576K
}

